e:\githubrepository\vulkan_learning\vulkan\mygraphicsinterface\x64\debug\vc142.pdb
e:\githubrepository\vulkan_learning\vulkan\mygraphicsinterface\x64\debug\vc142.idb
e:\githubrepository\vulkan_learning\vulkan\mygraphicsinterface\x64\debug\main.obj
e:\githubrepository\vulkan_learning\vulkan\mygraphicsinterface\x64\debug\internalstruct.obj
e:\githubrepository\vulkan_learning\vulkan\mygraphicsinterface\x64\debug\vulkanapplication.obj
e:\githubrepository\vulkan_learning\vulkan\mygraphicsinterface\x64\debug\mesh.obj
e:\githubrepository\vulkan_learning\vulkan\mygraphicsinterface\x64\debug\commandbuffer.obj
e:\githubrepository\vulkan_learning\vulkan\mygraphicsinterface\x64\debug\application.obj
e:\githubrepository\vulkan_learning\vulkan\mygraphicsinterface\x64\debug\renderpipeline.obj
e:\githubrepository\vulkan_learning\vulkan\mygraphicsinterface\x64\debug\modelreader.obj
e:\githubrepository\vulkan_learning\vulkan\debug\mygraphicsinterface.exe
e:\githubrepository\vulkan_learning\vulkan\debug\mygraphicsinterface.ilk
e:\githubrepository\vulkan_learning\vulkan\debug\mygraphicsinterface.pdb
e:\githubrepository\vulkan_learning\vulkan\mygraphicsinterface\..\debug\mygraphicsinterface.exe
e:\githubrepository\vulkan_learning\vulkan\mygraphicsinterface\x64\debug\mygraphi.e787104f.tlog\cl.command.1.tlog
e:\githubrepository\vulkan_learning\vulkan\mygraphicsinterface\x64\debug\mygraphi.e787104f.tlog\cl.read.1.tlog
e:\githubrepository\vulkan_learning\vulkan\mygraphicsinterface\x64\debug\mygraphi.e787104f.tlog\cl.write.1.tlog
e:\githubrepository\vulkan_learning\vulkan\mygraphicsinterface\x64\debug\mygraphi.e787104f.tlog\link.command.1.tlog
e:\githubrepository\vulkan_learning\vulkan\mygraphicsinterface\x64\debug\mygraphi.e787104f.tlog\link.read.1.tlog
e:\githubrepository\vulkan_learning\vulkan\mygraphicsinterface\x64\debug\mygraphi.e787104f.tlog\link.write.1.tlog
